#
# A fatal error has been detected by the Java Runtime Environment:
#
#  SIGSEGV (0xb) at pc=0x000000013239cb29, pid=42974, tid=74499
#
# JRE version: Java(TM) SE Runtime Environment (8.0_05-b13) (build 1.8.0_05-b13)
# Java VM: Java HotSpot(TM) 64-Bit Server VM (25.5-b02 mixed mode bsd-amd64 compressed oops)
# Problematic frame:
# C  [libJNILibfreenect2.dylib+0x1ab29]  libfreenect2::CpuDepthPacketProcessor::process(libfreenect2::DepthPacket const&)+0x7fd
#
# Failed to write core dump. Core dumps have been disabled. To enable core dumping, try "ulimit -c unlimited" before starting Java again
#
# If you would like to submit a bug report, please visit:
#   http://bugreport.sun.com/bugreport/crash.jsp
#

---------------  T H R E A D  ---------------

Current thread is native thread

siginfo:si_signo=SIGSEGV: si_errno=0, si_code=1 (SEGV_MAPERR), si_addr=0x0000000000000010

Registers:
RAX=0x0000000138dd9000, RBX=0x0000000000000200, RCX=0x0000000000000000, RDX=0x000000000027d000
RSP=0x00000001315f47b0, RBP=0x00000001315f4ea0, RSI=0x000000012c036000, RDI=0x0000000131c4f590
R8 =0x0000000000000153, R9 =0x00000000000000e1, R10=0x000000012c036000, R11=0x0000000000000292
R12=0x0000000131cf1e10, R13=0x00007fbef7321f80, R14=0x00000001315f4800, R15=0x00007fbef7321f80
RIP=0x000000013239cb29, EFLAGS=0x0000000000010246, ERR=0x0000000000000004
  TRAPNO=0x000000000000000e

Top of Stack: (sp=0x00000001315f47b0)
0x00000001315f47b0:   000000012be3f7fc 00000001315f47fc
0x00000001315f47c0:   00000001315f47f8 0000000000000000
0x00000001315f47d0:   0000000131cf2010 000000013cc7e810
0x00000001315f47e0:   000000013c9fe810 00000000000001a8
0x00000001315f47f0:   00007fbef7321f80 0000000000000000
0x00000001315f4800:   0000000242ff4015 0000000000000000
0x00000001315f4810:   0000000000000000 0000000000000000
0x00000001315f4820:   0000000000000000 0000000000000000
0x00000001315f4830:   0000000000000000 0000000000000000
0x00000001315f4840:   00000001315f4808 00000001315f4850
0x00000001315f4850:   0000000000001800 000000000000000c
0x00000001315f4860:   0000000242ff4005 00000200000001a8
0x00000001315f4870:   0000000139cc3000 0000000000000000
0x00000001315f4880:   0000000139cc3000 0000000139d97000
0x00000001315f4890:   0000000139d97000 0000000000000000
0x00000001315f48a0:   00000001315f4868 00000001315f48b0
0x00000001315f48b0:   0000000000000800 0000000000000004
0x00000001315f48c0:   0000000242ff4005 00000200000001a8
0x00000001315f48d0:   000000012be3f000 0000000000000000
0x00000001315f48e0:   000000012be3f000 000000012bf13000
0x00000001315f48f0:   000000012bf13000 0000000000000000
0x00000001315f4900:   00000001315f48c8 00000001315f4910
0x00000001315f4910:   0000000000000800 0000000000000004
0x00000001315f4920:   0100000000000000 0000000132849318
0x00000001315f4930:   0000000000000031 0000000242ff4000
0x00000001315f4940:   0000000000000000 0000000000000000
0x00000001315f4950:   0000000000000000 0000000000000000
0x00000001315f4960:   0000000000000000 0000000000000000
0x00000001315f4970:   0000000000000000 00000001315f4940
0x00000001315f4980:   00000001315f4988 0000000000000200
0x00000001315f4990:   0000000000000001 0000000042ff0000
0x00000001315f49a0:   0000000000000000 0000000000000000 

Instructions: (pc=0x000000013239cb29)
0x000000013239cb09:   c4 00 48 00 00 49 ff c7 49 81 ff a8 01 00 00 0f
0x000000013239cb19:   85 53 ff ff ff 49 8b 7d 18 49 8b 45 20 48 8b 0f
0x000000013239cb29:   48 8b 49 10 48 8b 90 90 92 ee 00 be 02 00 00 00
0x000000013239cb39:   ff d1 84 c0 74 09 49 8b 7d 20 e8 32 15 00 00 49 

Register to memory mapping:

RAX=0x0000000138dd9000 is an unknown value
RBX=0x0000000000000200 is an unknown value
RCX=0x0000000000000000 is an unknown value
RDX=0x000000000027d000 is an unknown value
RSP=0x00000001315f47b0 is an unknown value
RBP=0x00000001315f4ea0 is an unknown value
RSI=0x000000012c036000 is an unknown value
RDI=0x0000000131c4f590 is pointing into the stack for thread: 0x00007fbef0a2f000
R8 =0x0000000000000153 is an unknown value
R9 =0x00000000000000e1 is an unknown value
R10=0x000000012c036000 is an unknown value
R11=0x0000000000000292 is an unknown value
R12=0x0000000131cf1e10 is an unknown value
R13=0x00007fbef7321f80 is an unknown value
R14=0x00000001315f4800 is an unknown value
R15=0x00007fbef7321f80 is an unknown value


Stack: [0x0000000131575000,0x00000001315f5000],  sp=0x00000001315f47b0,  free space=509k
Native frames: (J=compiled Java code, j=interpreted, Vv=VM code, C=native code)
C  [libJNILibfreenect2.dylib+0x1ab29]  libfreenect2::CpuDepthPacketProcessor::process(libfreenect2::DepthPacket const&)+0x7fd
C  [libJNILibfreenect2.dylib+0x12213]  libfreenect2::AsyncPacketProcessor<libfreenect2::DepthPacket>::execute()+0x49
C  [libJNILibfreenect2.dylib+0x2a2b]  tthread::thread::wrapper_function(void*)+0x13
C  [libsystem_pthread.dylib+0x3268]  _pthread_body+0x83
C  [libsystem_pthread.dylib+0x31e5]  _pthread_body+0x0
C  [libsystem_pthread.dylib+0x141d]  thread_start+0xd


---------------  P R O C E S S  ---------------

VM state:not at safepoint (normal execution)

VM Mutex/Monitor currently owned by a thread: None

Heap:
 PSYoungGen      total 5632K, used 2862K [0x0000000795580000, 0x0000000796180000, 0x00000007c0000000)
  eden space 4096K, 32% used [0x0000000795580000,0x00000007956cc910,0x0000000795980000)
  from space 1536K, 99% used [0x0000000795980000,0x0000000795aff130,0x0000000795b00000)
  to   space 2048K, 0% used [0x0000000795f80000,0x0000000795f80000,0x0000000796180000)
 ParOldGen       total 129536K, used 1961K [0x0000000740000000, 0x0000000747e80000, 0x0000000795580000)
  object space 129536K, 1% used [0x0000000740000000,0x00000007401ea6d8,0x0000000747e80000)
 Metaspace       used 10387K, capacity 10526K, committed 10752K, reserved 1058816K
  class space    used 1200K, capacity 1237K, committed 1280K, reserved 1048576K

Card table byte_map: [0x000000011f983000,0x000000011fd84000] byte_map_base: 0x000000011bf83000

Marking Bits: (ParMarkBitMap*) 0x000000010fe660a0
 Begin Bits: [0x0000000120847000, 0x0000000122847000)
 End Bits:   [0x0000000122847000, 0x0000000124847000)

Polling page: 0x000000010e579000

CodeCache: size=245760Kb used=2220Kb max_used=2220Kb free=243539Kb
 bounds [0x00000001105c3000, 0x0000000110833000, 0x000000011f5c3000]
 total_blobs=986 nmethods=485 adapters=417
 compilation: enabled

Compilation events (10 events):
Event: 1.965 Thread 0x00007fbef0877000  482   !   3       sun.lwawt.LWComponentPeer::getSize (36 bytes)
Event: 1.966 Thread 0x00007fbef0877000 nmethod 482 0x00000001107ed990 code [0x00000001107edb20, 0x00000001107ee0f0]
Event: 1.966 Thread 0x00007fbef0877000  481       1       sun.lwawt.LWComponentPeer::getWindowPeer (5 bytes)
Event: 1.966 Thread 0x00007fbef0877000 nmethod 481 0x00000001107ee410 code [0x00000001107ee560, 0x00000001107ee670]
Event: 1.966 Thread 0x00007fbef0877000  483       1       sun.java2d.SurfaceData::isValid (5 bytes)
Event: 1.966 Thread 0x00007fbef0877000 nmethod 483 0x00000001107ee6d0 code [0x00000001107ee820, 0x00000001107ee930]
Event: 2.032 Thread 0x00007fbef0877000  484       3       java.util.LinkedList$ListItr::hasNext (20 bytes)
Event: 2.032 Thread 0x00007fbef0877000 nmethod 484 0x00000001107ee990 code [0x00000001107eeae0, 0x00000001107eec90]
Event: 2.051 Thread 0x00007fbef0877000  485       3       sun.java2d.pipe.Region::<init> (26 bytes)
Event: 2.052 Thread 0x00007fbef0877000 nmethod 485 0x00000001107eed50 code [0x00000001107eeea0, 0x00000001107ef050]

GC Heap History (10 events):
Event: 0.264 GC heap before
{Heap before GC invocations=3 (full 0):
 PSYoungGen      total 1536K, used 1504K [0x0000000795580000, 0x0000000795780000, 0x00000007c0000000)
  eden space 1024K, 100% used [0x0000000795580000,0x0000000795680000,0x0000000795680000)
  from space 512K, 93% used [0x0000000795700000,0x0000000795778020,0x0000000795780000)
  to   space 512K, 0% used [0x0000000795680000,0x0000000795680000,0x0000000795700000)
 ParOldGen       total 129536K, used 112K [0x0000000740000000, 0x0000000747e80000, 0x0000000795580000)
  object space 129536K, 0% used [0x0000000740000000,0x000000074001c000,0x0000000747e80000)
 Metaspace       used 4426K, capacity 4616K, committed 4736K, reserved 1056768K
  class space    used 492K, capacity 520K, committed 640K, reserved 1048576K
Event: 0.266 GC heap after
Heap after GC invocations=3 (full 0):
 PSYoungGen      total 1536K, used 496K [0x0000000795580000, 0x0000000795880000, 0x00000007c0000000)
  eden space 1024K, 0% used [0x0000000795580000,0x0000000795580000,0x0000000795680000)
  from space 512K, 96% used [0x0000000795680000,0x00000007956fc010,0x0000000795700000)
  to   space 512K, 0% used [0x0000000795800000,0x0000000795800000,0x0000000795880000)
 ParOldGen       total 129536K, used 452K [0x0000000740000000, 0x0000000747e80000, 0x0000000795580000)
  object space 129536K, 0% used [0x0000000740000000,0x0000000740071040,0x0000000747e80000)
 Metaspace       used 4426K, capacity 4616K, committed 4736K, reserved 1056768K
  class space    used 492K, capacity 520K, committed 640K, reserved 1048576K
}
Event: 0.294 GC heap before
{Heap before GC invocations=4 (full 0):
 PSYoungGen      total 1536K, used 1520K [0x0000000795580000, 0x0000000795880000, 0x00000007c0000000)
  eden space 1024K, 100% used [0x0000000795580000,0x0000000795680000,0x0000000795680000)
  from space 512K, 96% used [0x0000000795680000,0x00000007956fc010,0x0000000795700000)
  to   space 512K, 0% used [0x0000000795800000,0x0000000795800000,0x0000000795880000)
 ParOldGen       total 129536K, used 452K [0x0000000740000000, 0x0000000747e80000, 0x0000000795580000)
  object space 129536K, 0% used [0x0000000740000000,0x0000000740071040,0x0000000747e80000)
 Metaspace       used 4812K, capacity 4910K, committed 4992K, reserved 1056768K
  class space    used 541K, capacity 579K, committed 640K, reserved 1048576K
Event: 0.295 GC heap after
Heap after GC invocations=4 (full 0):
 PSYoungGen      total 2560K, used 496K [0x0000000795580000, 0x0000000795880000, 0x00000007c0000000)
  eden space 2048K, 0% used [0x0000000795580000,0x0000000795580000,0x0000000795780000)
  from space 512K, 96% used [0x0000000795800000,0x000000079587c010,0x0000000795880000)
  to   space 512K, 0% used [0x0000000795780000,0x0000000795780000,0x0000000795800000)
 ParOldGen       total 129536K, used 608K [0x0000000740000000, 0x0000000747e80000, 0x0000000795580000)
  object space 129536K, 0% used [0x0000000740000000,0x0000000740098050,0x0000000747e80000)
 Metaspace       used 4812K, capacity 4910K, committed 4992K, reserved 1056768K
  class space    used 541K, capacity 579K, committed 640K, reserved 1048576K
}
Event: 0.955 GC heap before
{Heap before GC invocations=5 (full 0):
 PSYoungGen      total 2560K, used 2544K [0x0000000795580000, 0x0000000795880000, 0x00000007c0000000)
  eden space 2048K, 100% used [0x0000000795580000,0x0000000795780000,0x0000000795780000)
  from space 512K, 96% used [0x0000000795800000,0x000000079587c010,0x0000000795880000)
  to   space 512K, 0% used [0x0000000795780000,0x0000000795780000,0x0000000795800000)
 ParOldGen       total 129536K, used 608K [0x0000000740000000, 0x0000000747e80000, 0x0000000795580000)
  object space 129536K, 0% used [0x0000000740000000,0x0000000740098050,0x0000000747e80000)
 Metaspace       used 8394K, capacity 8464K, committed 8576K, reserved 1056768K
  class space    used 1014K, capacity 1041K, committed 1152K, reserved 1048576K
Event: 0.957 GC heap after
Heap after GC invocations=5 (full 0):
 PSYoungGen      total 2560K, used 512K [0x0000000795580000, 0x0000000795c80000, 0x00000007c0000000)
  eden space 2048K, 0% used [0x0000000795580000,0x0000000795580000,0x0000000795780000)
  from space 512K, 100% used [0x0000000795780000,0x0000000795800000,0x0000000795800000)
  to   space 1536K, 0% used [0x0000000795b00000,0x0000000795b00000,0x0000000795c80000)
 ParOldGen       total 129536K, used 1336K [0x0000000740000000, 0x0000000747e80000, 0x0000000795580000)
  object space 129536K, 1% used [0x0000000740000000,0x000000074014e0a0,0x0000000747e80000)
 Metaspace       used 8394K, capacity 8464K, committed 8576K, reserved 1056768K
  class space    used 1014K, capacity 1041K, committed 1152K, reserved 1048576K
}
Event: 1.052 GC heap before
{Heap before GC invocations=6 (full 0):
 PSYoungGen      total 2560K, used 2560K [0x0000000795580000, 0x0000000795c80000, 0x00000007c0000000)
  eden space 2048K, 100% used [0x0000000795580000,0x0000000795780000,0x0000000795780000)
  from space 512K, 100% used [0x0000000795780000,0x0000000795800000,0x0000000795800000)
  to   space 1536K, 0% used [0x0000000795b00000,0x0000000795b00000,0x0000000795c80000)
 ParOldGen       total 129536K, used 1336K [0x0000000740000000, 0x0000000747e80000, 0x0000000795580000)
  object space 129536K, 1% used [0x0000000740000000,0x000000074014e0a0,0x0000000747e80000)
 Metaspace       used 9107K, capacity 9206K, committed 9344K, reserved 1056768K
  class space    used 1092K, capacity 1139K, committed 1152K, reserved 1048576K
Event: 1.054 GC heap after
Heap after GC invocations=6 (full 0):
 PSYoungGen      total 5632K, used 1280K [0x0000000795580000, 0x0000000795c80000, 0x00000007c0000000)
  eden space 4096K, 0% used [0x0000000795580000,0x0000000795580000,0x0000000795980000)
  from space 1536K, 83% used [0x0000000795b00000,0x0000000795c40000,0x0000000795c80000)
  to   space 1536K, 0% used [0x0000000795980000,0x0000000795980000,0x0000000795b00000)
 ParOldGen       total 129536K, used 1336K [0x0000000740000000, 0x0000000747e80000, 0x0000000795580000)
  object space 129536K, 1% used [0x0000000740000000,0x000000074014e0a0,0x0000000747e80000)
 Metaspace       used 9107K, capacity 9206K, committed 9344K, reserved 1056768K
  class space    used 1092K, capacity 1139K, committed 1152K, reserved 1048576K
}
Event: 1.119 GC heap before
{Heap before GC invocations=7 (full 0):
 PSYoungGen      total 5632K, used 5376K [0x0000000795580000, 0x0000000795c80000, 0x00000007c0000000)
  eden space 4096K, 100% used [0x0000000795580000,0x0000000795980000,0x0000000795980000)
  from space 1536K, 83% used [0x0000000795b00000,0x0000000795c40000,0x0000000795c80000)
  to   space 1536K, 0% used [0x0000000795980000,0x0000000795980000,0x0000000795b00000)
 ParOldGen       total 129536K, used 1336K [0x0000000740000000, 0x0000000747e80000, 0x0000000795580000)
  object space 129536K, 1% used [0x0000000740000000,0x000000074014e0a0,0x0000000747e80000)
 Metaspace       used 10303K, capacity 10462K, committed 10752K, reserved 1058816K
  class space    used 1190K, capacity 1237K, committed 1280K, reserved 1048576K
Event: 1.121 GC heap after
Heap after GC invocations=7 (full 0):
 PSYoungGen      total 5632K, used 1532K [0x0000000795580000, 0x0000000796180000, 0x00000007c0000000)
  eden space 4096K, 0% used [0x0000000795580000,0x0000000795580000,0x0000000795980000)
  from space 1536K, 99% used [0x0000000795980000,0x0000000795aff130,0x0000000795b00000)
  to   space 2048K, 0% used [0x0000000795f80000,0x0000000795f80000,0x0000000796180000)
 ParOldGen       total 129536K, used 1961K [0x0000000740000000, 0x0000000747e80000, 0x0000000795580000)
  object space 129536K, 1% used [0x0000000740000000,0x00000007401ea6d8,0x0000000747e80000)
 Metaspace       used 10303K, capacity 10462K, committed 10752K, reserved 1058816K
  class space    used 1190K, capacity 1237K, committed 1280K, reserved 1048576K
}

Deoptimization events (0 events):
No events

Internal exceptions (10 events):
Event: 1.089 Thread 0x00007fbef41e4000 Exception <a 'java/security/PrivilegedActionException'> (0x000000079582b3d0) thrown at [/HUDSON/workspace/8-2-build-macosx-x86_64/jdk8u5/2488/hotspot/src/share/vm/prims/jvm.cpp, line 1248]
Event: 1.089 Thread 0x00007fbef41e4000 Exception <a 'java/security/PrivilegedActionException'> (0x000000079582fd88) thrown at [/HUDSON/workspace/8-2-build-macosx-x86_64/jdk8u5/2488/hotspot/src/share/vm/prims/jvm.cpp, line 1248]
Event: 1.095 Thread 0x00007fbef09ca800 Exception <a 'java/security/PrivilegedActionException'> (0x000000079589fa58) thrown at [/HUDSON/workspace/8-2-build-macosx-x86_64/jdk8u5/2488/hotspot/src/share/vm/prims/jvm.cpp, line 1248]
Event: 1.101 Thread 0x00007fbef09ca800 Exception <a 'java/security/PrivilegedActionException'> (0x00000007958dff00) thrown at [/HUDSON/workspace/8-2-build-macosx-x86_64/jdk8u5/2488/hotspot/src/share/vm/prims/jvm.cpp, line 1248]
Event: 1.117 Thread 0x00007fbef09ca800 Exception <a 'java/security/PrivilegedActionException'> (0x00000007959667e8) thrown at [/HUDSON/workspace/8-2-build-macosx-x86_64/jdk8u5/2488/hotspot/src/share/vm/prims/jvm.cpp, line 1248]
Event: 1.119 Thread 0x00007fbef0a2f000 Exception <a 'java/security/PrivilegedActionException'> (0x000000079597e660) thrown at [/HUDSON/workspace/8-2-build-macosx-x86_64/jdk8u5/2488/hotspot/src/share/vm/prims/jvm.cpp, line 1248]
Event: 1.123 Thread 0x00007fbef0a2f000 Exception <a 'java/security/PrivilegedActionException'> (0x0000000795683238) thrown at [/HUDSON/workspace/8-2-build-macosx-x86_64/jdk8u5/2488/hotspot/src/share/vm/prims/jvm.cpp, line 1248]
Event: 1.123 Thread 0x00007fbef0a2f000 Exception <a 'java/security/PrivilegedActionException'> (0x000000079568a9b0) thrown at [/HUDSON/workspace/8-2-build-macosx-x86_64/jdk8u5/2488/hotspot/src/share/vm/prims/jvm.cpp, line 1248]
Event: 1.135 Thread 0x00007fbef0a2f000 Exception <a 'java/security/PrivilegedActionException'> (0x00000007956a3440) thrown at [/HUDSON/workspace/8-2-build-macosx-x86_64/jdk8u5/2488/hotspot/src/share/vm/prims/jvm.cpp, line 1248]
Event: 1.864 Thread 0x00007fbef0a2f000 Exception <a 'java/security/PrivilegedActionException'> (0x00000007956b5748) thrown at [/HUDSON/workspace/8-2-build-macosx-x86_64/jdk8u5/2488/hotspot/src/share/vm/prims/jvm.cpp, line 1248]

Events (10 events):
Event: 1.867 loading class sun/awt/im/CompositionAreaHandler
Event: 1.867 loading class sun/awt/im/CompositionAreaHandler done
Event: 1.867 loading class java/text/AttributedString
Event: 1.867 loading class java/text/AttributedString done
Event: 1.867 loading class java/text/AttributedString$AttributedStringIterator
Event: 1.867 loading class java/text/AttributedCharacterIterator
Event: 1.867 loading class java/text/CharacterIterator
Event: 1.867 loading class java/text/CharacterIterator done
Event: 1.867 loading class java/text/AttributedCharacterIterator done
Event: 1.867 loading class java/text/AttributedString$AttributedStringIterator done


Dynamic libraries:
0x0000000009821000 	/System/Library/Frameworks/Cocoa.framework/Versions/A/Cocoa
0x0000000009821000 	/System/Library/Frameworks/Security.framework/Versions/A/Security
0x0000000009821000 	/System/Library/Frameworks/ApplicationServices.framework/Versions/A/ApplicationServices
0x0000000009821000 	/usr/lib/libz.1.dylib
0x0000000009821000 	/usr/lib/libSystem.B.dylib
0x0000000009821000 	/usr/lib/libobjc.A.dylib
0x0000000009821000 	/System/Library/Frameworks/CoreFoundation.framework/Versions/A/CoreFoundation
0x0000000009821000 	/System/Library/Frameworks/Foundation.framework/Versions/C/Foundation
0x0000000009821000 	/System/Library/Frameworks/AppKit.framework/Versions/C/AppKit
0x0000000009821000 	/System/Library/Frameworks/CoreData.framework/Versions/A/CoreData
0x0000000009821000 	/System/Library/PrivateFrameworks/RemoteViewServices.framework/Versions/A/RemoteViewServices
0x0000000009821000 	/System/Library/PrivateFrameworks/UIFoundation.framework/Versions/A/UIFoundation
0x0000000009821000 	/System/Library/Frameworks/IOSurface.framework/Versions/A/IOSurface
0x0000000009821000 	/System/Library/Frameworks/AudioToolbox.framework/Versions/A/AudioToolbox
0x0000000009821000 	/System/Library/Frameworks/AudioUnit.framework/Versions/A/AudioUnit
0x0000000009821000 	/System/Library/PrivateFrameworks/DataDetectorsCore.framework/Versions/A/DataDetectorsCore
0x0000000009821000 	/System/Library/PrivateFrameworks/DesktopServicesPriv.framework/Versions/A/DesktopServicesPriv
0x0000000009821000 	/System/Library/Frameworks/Carbon.framework/Versions/A/Frameworks/HIToolbox.framework/Versions/A/HIToolbox
0x0000000009821000 	/System/Library/Frameworks/QuartzCore.framework/Versions/A/QuartzCore
0x0000000009821000 	/System/Library/Frameworks/Carbon.framework/Versions/A/Frameworks/SpeechRecognition.framework/Versions/A/SpeechRecognition
0x0000000009821000 	/usr/lib/libauto.dylib
0x0000000009821000 	/usr/lib/libicucore.A.dylib
0x0000000009821000 	/usr/lib/libxml2.2.dylib
0x0000000009821000 	/System/Library/PrivateFrameworks/CoreUI.framework/Versions/A/CoreUI
0x0000000009821000 	/System/Library/Frameworks/CoreAudio.framework/Versions/A/CoreAudio
0x0000000009821000 	/System/Library/Frameworks/DiskArbitration.framework/Versions/A/DiskArbitration
0x0000000009821000 	/usr/lib/liblangid.dylib
0x0000000009821000 	/System/Library/PrivateFrameworks/MultitouchSupport.framework/Versions/A/MultitouchSupport
0x0000000009821000 	/System/Library/Frameworks/IOKit.framework/Versions/A/IOKit
0x0000000009821000 	/usr/lib/libDiagnosticMessagesClient.dylib
0x0000000009821000 	/System/Library/Frameworks/CoreServices.framework/Versions/A/CoreServices
0x0000000009821000 	/System/Library/PrivateFrameworks/PerformanceAnalysis.framework/Versions/A/PerformanceAnalysis
0x0000000009821000 	/System/Library/PrivateFrameworks/GenerationalStorage.framework/Versions/A/GenerationalStorage
0x0000000009821000 	/System/Library/Frameworks/OpenGL.framework/Versions/A/OpenGL
0x0000000009821000 	/System/Library/PrivateFrameworks/Sharing.framework/Versions/A/Sharing
0x0000000009821000 	/System/Library/Frameworks/CoreGraphics.framework/Versions/A/CoreGraphics
0x0000000009821000 	/System/Library/Frameworks/CoreText.framework/Versions/A/CoreText
0x0000000009821000 	/System/Library/Frameworks/ImageIO.framework/Versions/A/ImageIO
0x0000000009821000 	/usr/lib/libextension.dylib
0x0000000009821000 	/System/Library/PrivateFrameworks/Backup.framework/Versions/A/Backup
0x0000000009821000 	/usr/lib/libarchive.2.dylib
0x0000000009821000 	/System/Library/Frameworks/CFNetwork.framework/Versions/A/CFNetwork
0x0000000009821000 	/System/Library/Frameworks/SystemConfiguration.framework/Versions/A/SystemConfiguration
0x0000000009821000 	/usr/lib/libCRFSuite.dylib
0x0000000009821000 	/usr/lib/libc++.1.dylib
0x0000000009821000 	/usr/lib/libc++abi.dylib
0x0000000009821000 	/usr/lib/system/libcache.dylib
0x0000000009821000 	/usr/lib/system/libcommonCrypto.dylib
0x0000000009821000 	/usr/lib/system/libcompiler_rt.dylib
0x0000000009821000 	/usr/lib/system/libcopyfile.dylib
0x0000000009821000 	/usr/lib/system/libcorecrypto.dylib
0x0000000009821000 	/usr/lib/system/libdispatch.dylib
0x0000000009821000 	/usr/lib/system/libdyld.dylib
0x0000000009821000 	/usr/lib/system/libkeymgr.dylib
0x0000000009821000 	/usr/lib/system/liblaunch.dylib
0x0000000009821000 	/usr/lib/system/libmacho.dylib
0x0000000009821000 	/usr/lib/system/libquarantine.dylib
0x0000000009821000 	/usr/lib/system/libremovefile.dylib
0x0000000009821000 	/usr/lib/system/libsystem_asl.dylib
0x0000000009821000 	/usr/lib/system/libsystem_blocks.dylib
0x0000000009821000 	/usr/lib/system/libsystem_c.dylib
0x0000000009821000 	/usr/lib/system/libsystem_configuration.dylib
0x0000000009821000 	/usr/lib/system/libsystem_coreservices.dylib
0x0000000009821000 	/usr/lib/system/libsystem_coretls.dylib
0x0000000009821000 	/usr/lib/system/libsystem_dnssd.dylib
0x0000000009821000 	/usr/lib/system/libsystem_info.dylib
0x0000000009821000 	/usr/lib/system/libsystem_kernel.dylib
0x0000000009821000 	/usr/lib/system/libsystem_m.dylib
0x0000000009821000 	/usr/lib/system/libsystem_malloc.dylib
0x0000000009821000 	/usr/lib/system/libsystem_network.dylib
0x0000000009821000 	/usr/lib/system/libsystem_networkextension.dylib
0x0000000009821000 	/usr/lib/system/libsystem_notify.dylib
0x0000000009821000 	/usr/lib/system/libsystem_platform.dylib
0x0000000009821000 	/usr/lib/system/libsystem_pthread.dylib
0x0000000009821000 	/usr/lib/system/libsystem_sandbox.dylib
0x0000000009821000 	/usr/lib/system/libsystem_secinit.dylib
0x0000000009821000 	/usr/lib/system/libsystem_stats.dylib
0x0000000009821000 	/usr/lib/system/libsystem_trace.dylib
0x0000000009821000 	/usr/lib/system/libunc.dylib
0x0000000009821000 	/usr/lib/system/libunwind.dylib
0x0000000009821000 	/usr/lib/system/libxpc.dylib
0x0000000009821000 	/usr/lib/libbz2.1.0.dylib
0x0000000009821000 	/usr/lib/liblzma.5.dylib
0x0000000009821000 	/usr/lib/libbsm.0.dylib
0x0000000009821000 	/usr/lib/libsqlite3.dylib
0x0000000009821000 	/usr/lib/system/libkxld.dylib
0x0000000009821000 	/usr/lib/libxar.1.dylib
0x0000000009821000 	/usr/lib/libpam.2.dylib
0x0000000009821000 	/usr/lib/libOpenScriptingUtil.dylib
0x0000000009821000 	/System/Library/Frameworks/CoreServices.framework/Versions/A/Frameworks/FSEvents.framework/Versions/A/FSEvents
0x0000000009821000 	/System/Library/Frameworks/CoreServices.framework/Versions/A/Frameworks/CarbonCore.framework/Versions/A/CarbonCore
0x0000000009821000 	/System/Library/Frameworks/CoreServices.framework/Versions/A/Frameworks/Metadata.framework/Versions/A/Metadata
0x0000000009821000 	/System/Library/Frameworks/CoreServices.framework/Versions/A/Frameworks/OSServices.framework/Versions/A/OSServices
0x0000000009821000 	/System/Library/Frameworks/CoreServices.framework/Versions/A/Frameworks/SearchKit.framework/Versions/A/SearchKit
0x0000000009821000 	/System/Library/Frameworks/CoreServices.framework/Versions/A/Frameworks/AE.framework/Versions/A/AE
0x0000000009821000 	/System/Library/Frameworks/CoreServices.framework/Versions/A/Frameworks/LaunchServices.framework/Versions/A/LaunchServices
0x0000000009821000 	/System/Library/Frameworks/CoreServices.framework/Versions/A/Frameworks/DictionaryServices.framework/Versions/A/DictionaryServices
0x0000000009821000 	/System/Library/Frameworks/NetFS.framework/Versions/A/NetFS
0x0000000009821000 	/System/Library/PrivateFrameworks/NetAuth.framework/Versions/A/NetAuth
0x0000000009821000 	/System/Library/PrivateFrameworks/login.framework/Versions/A/Frameworks/loginsupport.framework/Versions/A/loginsupport
0x0000000009821000 	/System/Library/PrivateFrameworks/TCC.framework/Versions/A/TCC
0x0000000009821000 	/usr/lib/libmecabra.dylib
0x0000000009821000 	/System/Library/Frameworks/ApplicationServices.framework/Versions/A/Frameworks/ATS.framework/Versions/A/ATS
0x0000000009821000 	/System/Library/Frameworks/ApplicationServices.framework/Versions/A/Frameworks/ColorSync.framework/Versions/A/ColorSync
0x0000000009821000 	/System/Library/Frameworks/ApplicationServices.framework/Versions/A/Frameworks/HIServices.framework/Versions/A/HIServices
0x0000000009821000 	/System/Library/Frameworks/ApplicationServices.framework/Versions/A/Frameworks/LangAnalysis.framework/Versions/A/LangAnalysis
0x0000000009821000 	/System/Library/Frameworks/ApplicationServices.framework/Versions/A/Frameworks/PrintCore.framework/Versions/A/PrintCore
0x0000000009821000 	/System/Library/Frameworks/ApplicationServices.framework/Versions/A/Frameworks/QD.framework/Versions/A/QD
0x0000000009821000 	/System/Library/Frameworks/ApplicationServices.framework/Versions/A/Frameworks/SpeechSynthesis.framework/Versions/A/SpeechSynthesis
0x0000000009821000 	/System/Library/Frameworks/Accelerate.framework/Versions/A/Accelerate
0x0000000009821000 	/System/Library/Frameworks/Accelerate.framework/Versions/A/Frameworks/vImage.framework/Versions/A/vImage
0x0000000009821000 	/System/Library/Frameworks/Accelerate.framework/Versions/A/Frameworks/vecLib.framework/Versions/A/vecLib
0x0000000009821000 	/System/Library/Frameworks/Accelerate.framework/Versions/A/Frameworks/vecLib.framework/Versions/A/libvDSP.dylib
0x0000000009821000 	/System/Library/Frameworks/Accelerate.framework/Versions/A/Frameworks/vecLib.framework/Versions/A/libvMisc.dylib
0x0000000009821000 	/System/Library/Frameworks/Accelerate.framework/Versions/A/Frameworks/vecLib.framework/Versions/A/libLAPACK.dylib
0x0000000009821000 	/System/Library/Frameworks/Accelerate.framework/Versions/A/Frameworks/vecLib.framework/Versions/A/libBLAS.dylib
0x0000000009821000 	/System/Library/Frameworks/Accelerate.framework/Versions/A/Frameworks/vecLib.framework/Versions/A/libLinearAlgebra.dylib
0x0000000009821000 	/System/Library/Frameworks/ApplicationServices.framework/Versions/A/Frameworks/ATS.framework/Versions/A/Resources/libFontParser.dylib
0x0000000009821000 	/System/Library/Frameworks/ApplicationServices.framework/Versions/A/Frameworks/ATS.framework/Versions/A/Resources/libFontRegistry.dylib
0x0000000009821000 	/System/Library/PrivateFrameworks/AppleVPA.framework/Versions/A/AppleVPA
0x0000000009821000 	/System/Library/PrivateFrameworks/AppleJPEG.framework/Versions/A/AppleJPEG
0x0000000009821000 	/System/Library/Frameworks/ImageIO.framework/Versions/A/Resources/libJPEG.dylib
0x0000000009821000 	/System/Library/Frameworks/ImageIO.framework/Versions/A/Resources/libTIFF.dylib
0x0000000009821000 	/System/Library/Frameworks/ImageIO.framework/Versions/A/Resources/libPng.dylib
0x0000000009821000 	/System/Library/Frameworks/ImageIO.framework/Versions/A/Resources/libGIF.dylib
0x0000000009821000 	/System/Library/Frameworks/ImageIO.framework/Versions/A/Resources/libJP2.dylib
0x0000000009821000 	/System/Library/Frameworks/ImageIO.framework/Versions/A/Resources/libRadiance.dylib
0x0000000009821000 	/System/Library/Frameworks/CoreVideo.framework/Versions/A/CoreVideo
0x0000000009821000 	/System/Library/Frameworks/OpenGL.framework/Versions/A/Libraries/libGLU.dylib
0x0000000009821000 	/System/Library/Frameworks/OpenGL.framework/Versions/A/Libraries/libGFXShared.dylib
0x0000000009821000 	/System/Library/Frameworks/OpenGL.framework/Versions/A/Libraries/libGL.dylib
0x0000000009821000 	/System/Library/Frameworks/OpenGL.framework/Versions/A/Libraries/libGLImage.dylib
0x0000000009821000 	/System/Library/Frameworks/OpenGL.framework/Versions/A/Libraries/libCVMSPluginSupport.dylib
0x0000000009821000 	/System/Library/Frameworks/OpenGL.framework/Versions/A/Libraries/libCoreVMClient.dylib
0x0000000009821000 	/usr/lib/libcups.2.dylib
0x0000000009821000 	/System/Library/Frameworks/Kerberos.framework/Versions/A/Kerberos
0x0000000009821000 	/System/Library/Frameworks/GSS.framework/Versions/A/GSS
0x0000000009821000 	/usr/lib/libresolv.9.dylib
0x0000000009821000 	/usr/lib/libiconv.2.dylib
0x0000000009821000 	/System/Library/PrivateFrameworks/Heimdal.framework/Versions/A/Heimdal
0x0000000009821000 	/usr/lib/libheimdal-asn1.dylib
0x0000000009821000 	/System/Library/Frameworks/OpenDirectory.framework/Versions/A/OpenDirectory
0x0000000009821000 	/System/Library/PrivateFrameworks/CommonAuth.framework/Versions/A/CommonAuth
0x0000000009821000 	/System/Library/Frameworks/OpenDirectory.framework/Versions/A/Frameworks/CFOpenDirectory.framework/Versions/A/CFOpenDirectory
0x0000000009821000 	/System/Library/Frameworks/SecurityFoundation.framework/Versions/A/SecurityFoundation
0x0000000009821000 	/System/Library/PrivateFrameworks/LanguageModeling.framework/Versions/A/LanguageModeling
0x0000000009821000 	/usr/lib/libcmph.dylib
0x0000000009821000 	/System/Library/Frameworks/ServiceManagement.framework/Versions/A/ServiceManagement
0x0000000009821000 	/usr/lib/libxslt.1.dylib
0x0000000009821000 	/System/Library/Frameworks/Carbon.framework/Versions/A/Frameworks/Ink.framework/Versions/A/Ink
0x0000000009821000 	/System/Library/Frameworks/QuartzCore.framework/Versions/A/Frameworks/CoreImage.framework/Versions/A/CoreImage
0x0000000009821000 	/System/Library/PrivateFrameworks/CrashReporterSupport.framework/Versions/A/CrashReporterSupport
0x0000000009821000 	/System/Library/Frameworks/OpenCL.framework/Versions/A/OpenCL
0x0000000009821000 	/System/Library/PrivateFrameworks/FaceCore.framework/Versions/A/FaceCore
0x0000000009821000 	/System/Library/PrivateFrameworks/Ubiquity.framework/Versions/A/Ubiquity
0x0000000009821000 	/System/Library/PrivateFrameworks/IconServices.framework/Versions/A/IconServices
0x0000000009821000 	/System/Library/PrivateFrameworks/ChunkingLibrary.framework/Versions/A/ChunkingLibrary
0x0000000009821000 	/System/Library/PrivateFrameworks/Apple80211.framework/Versions/A/Apple80211
0x0000000009821000 	/System/Library/Frameworks/CoreWLAN.framework/Versions/A/CoreWLAN
0x0000000009821000 	/System/Library/Frameworks/IOBluetooth.framework/Versions/A/IOBluetooth
0x0000000009821000 	/System/Library/PrivateFrameworks/CoreWiFi.framework/Versions/A/CoreWiFi
0x0000000009821000 	/System/Library/Frameworks/CoreBluetooth.framework/Versions/A/CoreBluetooth
0x0000000009821000 	/System/Library/PrivateFrameworks/DebugSymbols.framework/Versions/A/DebugSymbols
0x0000000009821000 	/System/Library/PrivateFrameworks/CoreSymbolication.framework/Versions/A/CoreSymbolication
0x0000000009821000 	/System/Library/PrivateFrameworks/Symbolication.framework/Versions/A/Symbolication
0x0000000009821000 	/System/Library/PrivateFrameworks/SpeechRecognitionCore.framework/Versions/A/SpeechRecognitionCore
0x000000010f600000 	/Library/Java/JavaVirtualMachines/jdk1.8.0_05.jdk/Contents/Home/jre/lib/server/libjvm.dylib
0x0000000009821000 	/usr/lib/libstdc++.6.dylib
0x000000010e537000 	/Library/Java/JavaVirtualMachines/jdk1.8.0_05.jdk/Contents/Home/jre/lib/libverify.dylib
0x000000010e545000 	/Library/Java/JavaVirtualMachines/jdk1.8.0_05.jdk/Contents/Home/jre/lib/libjava.dylib
0x000000010e583000 	/Library/Java/JavaVirtualMachines/jdk1.8.0_05.jdk/Contents/Home/jre/lib/libzip.dylib
0x0000000127653000 	/System/Library/Frameworks/JavaVM.framework/Frameworks/JavaRuntimeSupport.framework/JavaRuntimeSupport
0x000000012766b000 	/System/Library/Frameworks/JavaVM.framework/Versions/A/Frameworks/JavaNativeFoundation.framework/Versions/A/JavaNativeFoundation
0x0000000127680000 	/System/Library/Frameworks/JavaVM.framework/Versions/A/JavaVM
0x0000000009821000 	/System/Library/Frameworks/Carbon.framework/Versions/A/Carbon
0x000000012768d000 	/System/Library/PrivateFrameworks/JavaLaunching.framework/Versions/A/JavaLaunching
0x0000000009821000 	/System/Library/Frameworks/Carbon.framework/Versions/A/Frameworks/CommonPanels.framework/Versions/A/CommonPanels
0x0000000009821000 	/System/Library/Frameworks/Carbon.framework/Versions/A/Frameworks/Help.framework/Versions/A/Help
0x0000000009821000 	/System/Library/Frameworks/Carbon.framework/Versions/A/Frameworks/ImageCapture.framework/Versions/A/ImageCapture
0x0000000009821000 	/System/Library/Frameworks/Carbon.framework/Versions/A/Frameworks/OpenScripting.framework/Versions/A/OpenScripting
0x0000000009821000 	/System/Library/Frameworks/Carbon.framework/Versions/A/Frameworks/Print.framework/Versions/A/Print
0x0000000009821000 	/System/Library/Frameworks/Carbon.framework/Versions/A/Frameworks/SecurityHI.framework/Versions/A/SecurityHI
0x00000001296c3000 	/Library/Java/JavaVirtualMachines/jdk1.8.0_05.jdk/Contents/Home/jre/lib/libawt.dylib
0x0000000129772000 	/Library/Java/JavaVirtualMachines/jdk1.8.0_05.jdk/Contents/Home/jre/lib/./libmlib_image.dylib
0x000000012983e000 	/Library/Java/JavaVirtualMachines/jdk1.8.0_05.jdk/Contents/Home/jre/lib/libawt_lwawt.dylib
0x00000001298f0000 	/Library/Java/JavaVirtualMachines/jdk1.8.0_05.jdk/Contents/Home/jre/lib/./libosxapp.dylib
0x0000000009821000 	/System/Library/Frameworks/ExceptionHandling.framework/Versions/A/ExceptionHandling
0x0000000009821000 	/System/Library/PrivateFrameworks/CoreServicesInternal.framework/Versions/A/CoreServicesInternal
0x0000000009821000 	/System/Library/PrivateFrameworks/CloudDocs.framework/Versions/A/CloudDocs
0x0000000009821000 	/System/Library/PrivateFrameworks/CoreDuet.framework/Versions/A/CoreDuet
0x0000000009821000 	/System/Library/Frameworks/CloudKit.framework/Versions/A/CloudKit
0x0000000009821000 	/System/Library/PrivateFrameworks/ProtocolBuffer.framework/Versions/A/ProtocolBuffer
0x0000000009821000 	/System/Library/PrivateFrameworks/CoreDuetDaemonProtocol.framework/Versions/A/CoreDuetDaemonProtocol
0x0000000009821000 	/System/Library/PrivateFrameworks/CoreDuetDebugLogging.framework/Versions/A/CoreDuetDebugLogging
0x0000000009821000 	/System/Library/PrivateFrameworks/MMCS.framework/Versions/A/MMCS
0x0000000009821000 	/System/Library/Frameworks/CoreLocation.framework/Versions/A/CoreLocation
0x0000000009821000 	/System/Library/PrivateFrameworks/ProtectedCloudStorage.framework/Versions/A/ProtectedCloudStorage
0x0000000009821000 	/System/Library/PrivateFrameworks/GeoServices.framework/Versions/A/GeoServices
0x0000000009821000 	/System/Library/Frameworks/CoreGraphics.framework/Versions/A/Resources/libCGCMS.A.dylib
0x0000000009821000 	/System/Library/Frameworks/CoreGraphics.framework/Versions/A/Resources/libRIP.A.dylib
0x0000000009821000 	/System/Library/Frameworks/CoreGraphics.framework/Versions/A/Resources/libCGXType.A.dylib
0x0000000009821000 	/System/Library/Frameworks/OpenCL.framework/Versions/A/Libraries/libcldcpuengine.dylib
0x0000000009821000 	/System/Library/PrivateFrameworks/DiskImages.framework/Versions/A/DiskImages
0x0000000009821000 	/System/Library/Frameworks/DiscRecording.framework/Versions/A/DiscRecording
0x0000000009821000 	/usr/lib/libcsfde.dylib
0x0000000009821000 	/usr/lib/libcurl.4.dylib
0x0000000009821000 	/System/Library/PrivateFrameworks/MediaKit.framework/Versions/A/MediaKit
0x0000000009821000 	/usr/lib/libCoreStorage.dylib
0x0000000009821000 	/System/Library/PrivateFrameworks/EFILogin.framework/Versions/A/EFILogin
0x0000000009821000 	/usr/lib/libutil.dylib
0x0000000009821000 	/System/Library/PrivateFrameworks/FindMyDevice.framework/Versions/A/FindMyDevice
0x0000000009821000 	/System/Library/Frameworks/LDAP.framework/Versions/A/LDAP
0x0000000009821000 	/usr/lib/libsasl2.2.dylib
0x0000000009821000 	/System/Library/PrivateFrameworks/CoreDaemon.framework/Versions/B/CoreDaemon
0x0000000009821000 	/usr/lib/libcrypto.0.9.8.dylib
0x0000000009821000 	/System/Library/PrivateFrameworks/AppleSRP.framework/Versions/A/AppleSRP
0x0000000009821000 	/System/Library/PrivateFrameworks/TrustEvaluationAgent.framework/Versions/A/TrustEvaluationAgent
0x000000012cbb6000 	cl_kernels
0x000000012cbb8000 	/System/Library/Frameworks/OpenCL.framework/Versions/A/Libraries/ImageFormats/unorm8_bgra.dylib
0x000000012cba8000 	cl_kernels
0x0000000009821000 	/System/Library/PrivateFrameworks/FamilyControls.framework/Versions/A/FamilyControls
0x0000000009821000 	/System/Library/PrivateFrameworks/CommerceKit.framework/Versions/A/Frameworks/CommerceCore.framework/Versions/A/CommerceCore
0x0000000009821000 	/System/Library/PrivateFrameworks/SystemAdministration.framework/Versions/A/SystemAdministration
0x0000000009821000 	/System/Library/PrivateFrameworks/AppContainer.framework/Versions/A/AppContainer
0x0000000009821000 	/System/Library/PrivateFrameworks/SecCodeWrapper.framework/Versions/A/SecCodeWrapper
0x0000000009821000 	/System/Library/Frameworks/DirectoryService.framework/Versions/A/DirectoryService
0x0000000009821000 	/System/Library/PrivateFrameworks/LoginUIKit.framework/Versions/A/Frameworks/LoginUICore.framework/Versions/A/LoginUICore
0x0000000009821000 	/usr/lib/libodfde.dylib
0x0000000009821000 	/System/Library/Frameworks/OpenGL.framework/Versions/A/Resources/GLEngine.bundle/GLEngine
0x0000000009821000 	/System/Library/Frameworks/OpenGL.framework/Versions/A/Libraries/libGLProgrammability.dylib
0x0000000000000000 	/System/Library/Extensions/AppleIntelHD4000GraphicsGLDriver.bundle/Contents/MacOS/AppleIntelHD4000GraphicsGLDriver
0x0000000009821000 	/System/Library/PrivateFrameworks/IOAccelerator.framework/Versions/A/IOAccelerator
0x0000000009821000 	/System/Library/PrivateFrameworks/GPUSupport.framework/Versions/A/Libraries/libGPUSupportMercury.dylib
0x0000000000000000 	/System/Library/Extensions/GeForceGLDriver.bundle/Contents/MacOS/GeForceGLDriver
0x0000000009821000 	/System/Library/Extensions/GeForceGLDriver.bundle/Contents/MacOS/libclh.dylib
0x0000000009821000 	/System/Library/Frameworks/OpenGL.framework/Versions/A/Resources/GLRendererFloat.bundle/GLRendererFloat
0x000000012ef30000 	/Library/Java/JavaVirtualMachines/jdk1.8.0_05.jdk/Contents/Home/jre/lib/libfontmanager.dylib
0x0000000130c64000 	/Library/Java/JavaVirtualMachines/jdk1.8.0_05.jdk/Contents/Home/jre/lib/libosxui.dylib
0x0000000130d25000 	/Library/Java/JavaVirtualMachines/jdk1.8.0_05.jdk/Contents/Home/jre/lib/libnet.dylib
0x0000000130d3b000 	/Library/Java/JavaVirtualMachines/jdk1.8.0_05.jdk/Contents/Home/jre/lib/libnio.dylib
0x0000000132318000 	/Users/tom/Documents/Programming/libfreenect v2 Processing/libfreenect2-for-processing/build/openKinectv2/lib/libturbojpeg.dylib
0x0000000132382000 	/Users/tom/Documents/Programming/libfreenect v2 Processing/libfreenect2-for-processing/build/openKinectv2/lib/libJNILibfreenect2.dylib
0x00000001325a5000 	/usr/local/lib/libopencv_calib3d.2.4.dylib
0x000000013268d000 	/usr/local/lib/libopencv_core.2.4.dylib
0x0000000132896000 	/usr/local/lib/libopencv_features2d.2.4.dylib
0x0000000132936000 	/usr/local/lib/libopencv_flann.2.4.dylib
0x00000001329a0000 	/usr/local/lib/libopencv_highgui.2.4.dylib
0x00000001329df000 	/usr/local/lib/libopencv_imgproc.2.4.dylib
0x0000000134bff000 	/usr/local/lib/libopencv_ml.2.4.dylib
0x0000000134c73000 	/usr/local/lib/libopencv_objdetect.2.4.dylib
0x0000000132c57000 	/usr/local/lib/libopencv_photo.2.4.dylib
0x0000000134cec000 	/usr/local/lib/libopencv_stitching.2.4.dylib
0x0000000134d6a000 	/usr/local/lib/libopencv_superres.2.4.dylib
0x0000000134da5000 	/usr/local/lib/libopencv_video.2.4.dylib
0x0000000134df1000 	/usr/local/lib/libopencv_videostab.2.4.dylib
0x0000000134e24000 	/usr/lib/libturbojpeg.dylib
0x0000000134e8e000 	/usr/local/lib/libglfw.3.dylib
0x0000000134eaa000 	/System/Library/Frameworks/GLKit.framework/Versions/A/GLKit
0x0000000134ef5000 	/usr/local/lib/libjpeg.8.dylib
0x0000000134f28000 	/usr/local/lib/libpng16.16.dylib
0x0000000134f54000 	/usr/local/lib/libtiff.5.dylib
0x0000000134fbb000 	/usr/local/lib/libImath-2_1.11.dylib
0x0000000134fca000 	/usr/local/lib/libIlmImf-Imf_2_1.21.dylib
0x0000000135109000 	/usr/local/lib/libIex-2_1.11.dylib
0x000000013511c000 	/usr/local/lib/libHalf.11.dylib
0x0000000132c74000 	/usr/local/lib/libIlmThread-2_1.11.dylib
0x0000000009821000 	/System/Library/Frameworks/QTKit.framework/Versions/A/QTKit
0x0000000135160000 	/usr/local/lib/libIexMath-2_1.11.dylib
0x0000000009821000 	/System/Library/Frameworks/AVFoundation.framework/Versions/A/AVFoundation
0x0000000009821000 	/System/Library/Frameworks/CoreMedia.framework/Versions/A/CoreMedia
0x0000000009821000 	/System/Library/Frameworks/MediaToolbox.framework/Versions/A/MediaToolbox
0x0000000009821000 	/System/Library/Frameworks/VideoToolbox.framework/Versions/A/VideoToolbox
0x0000000009821000 	/System/Library/PrivateFrameworks/CoreMediaAuthoring.framework/Versions/A/CoreMediaAuthoring
0x0000000009821000 	/System/Library/Frameworks/CoreMediaIO.framework/Versions/A/CoreMediaIO
0x0000000009821000 	/System/Library/Frameworks/AVFoundation.framework/Versions/A/Resources/libAVFAudio.dylib
0x0000000009821000 	/System/Library/PrivateFrameworks/MediaControlSender.framework/Versions/A/MediaControlSender
0x0000000009821000 	/System/Library/PrivateFrameworks/CoreAVCHD.framework/Versions/A/CoreAVCHD
0x0000000009821000 	/System/Library/Frameworks/MediaAccessibility.framework/Versions/A/MediaAccessibility
0x0000000009821000 	/System/Library/PrivateFrameworks/Mangrove.framework/Versions/A/Mangrove
0x0000000009821000 	/System/Library/PrivateFrameworks/CoreAUC.framework/Versions/A/CoreAUC
0x0000000009821000 	/System/Library/PrivateFrameworks/NetworkStatistics.framework/Versions/A/NetworkStatistics
0x0000000009821000 	/System/Library/PrivateFrameworks/AirPlaySupport.framework/Versions/A/AirPlaySupport
0x0000000009821000 	/System/Library/PrivateFrameworks/CoreUtils.framework/Versions/A/CoreUtils
0x0000000009821000 	/System/Library/PrivateFrameworks/AppleVA.framework/Versions/A/AppleVA
0x0000000009821000 	/System/Library/PrivateFrameworks/XPCService.framework/Versions/A/XPCService
0x0000000009821000 	/System/Library/PrivateFrameworks/AppSandbox.framework/Versions/A/AppSandbox
0x0000000009821000 	/usr/lib/libsandbox.1.dylib
0x0000000009821000 	/usr/lib/libMatch.1.dylib
0x0000000135164000 	/usr/local/Cellar/opencv/2.4.10.1/lib/libopencv_nonfree.2.4.dylib
0x00000001351a0000 	/usr/local/Cellar/opencv/2.4.10.1/lib/libopencv_gpu.2.4.dylib
0x00000001351c2000 	/usr/local/Cellar/opencv/2.4.10.1/lib/libopencv_legacy.2.4.dylib
0x00000001352bb000 	/usr/local/Cellar/opencv/2.4.10.1/lib/libopencv_ocl.2.4.dylib
0x00000001314d6000 	/System/Library/Extensions/IOUSBFamily.kext/Contents/PlugIns/IOUSBLib.bundle/Contents/MacOS/IOUSBLib

VM Arguments:
jvm_args: -Djava.library.path=/Users/tom/Documents/Programming/libfreenect v2 Processing/libfreenect2-for-processing/build/openKinectv2/lib -Djava.security.policy=java.policy.applet -Dfile.encoding=UTF-8 
java_command: sun.applet.AppletViewer examples.DepthTest1434432760144.html
java_class_path (initial): /Users/tom/Documents/Programming/libfreenect v2 Processing/libfreenect2-for-processing/build/openKinectv2/bin:/Users/tom/Documents/Programming/libfreenect v2 Processing/libfreenect2-for-processing/build/openKinectv2/lib:/Users/tom/Documents/Programming/libfreenect v2 Processing/libfreenect2-for-processing/build/openKinectv2/lib/processing2.1/core.jar:/Users/tom/Documents/Programming/libfreenect v2 Processing/libfreenect2-for-processing/build/openKinectv2/lib/processing2.1/gluegen-rt-natives-linux-amd64.jar:/Users/tom/Documents/Programming/libfreenect v2 Processing/libfreenect2-for-processing/build/openKinectv2/lib/processing2.1/gluegen-rt-natives-linux-armv6hf.jar:/Users/tom/Documents/Programming/libfreenect v2 Processing/libfreenect2-for-processing/build/openKinectv2/lib/processing2.1/gluegen-rt-natives-linux-i586.jar:/Users/tom/Documents/Programming/libfreenect v2 Processing/libfreenect2-for-processing/build/openKinectv2/lib/processing2.1/gluegen-rt-natives-macosx-universal.jar:/Users/tom/Documents/Programming/libfreenect v2 Processing/libfreenect2-for-processing/build/openKinectv2/lib/processing2.1/gluegen-rt-natives-windows-amd64.jar:/Users/tom/Documents/Programming/libfreenect v2 Processing/libfreenect2-for-processing/build/openKinectv2/lib/processing2.1/gluegen-rt-natives-windows-i586.jar:/Users/tom/Documents/Programming/libfreenect v2 Processing/libfreenect2-for-processing/build/openKinectv2/lib/processing2.1/gluegen-rt.jar:/Users/tom/Documents/Programming/libfreenect v2 Processing/libfreenect2-for-processing/build/openKinectv2/lib/processing2.1/jogl-all-natives-linux-amd64.jar:/Users/tom/Documents/Programming/libfreenect v2 Processing/libfreenect2-for-processing/build/openKinectv2/lib/processing2.1/jogl-all-natives-linux-armv6hf.jar:/Users/tom/Documents/Programming/libfreenect v2 Processing/libfreenect2-for-processing/build/openKinectv2/lib/processing2.1/jogl-all-natives-linux-i586.jar:/Users/tom/Documents/Programming/libfreenect
Launcher Type: SUN_STANDARD

Environment Variables:
PATH=/usr/bin:/bin:/usr/sbin:/sbin
SHELL=/bin/bash
DISPLAY=/private/tmp/com.apple.launchd.WBL6oyWRAa/org.macosforge.xquartz:0

Signal Handlers:
SIGSEGV: [libjvm.dylib+0x55f7df], sa_mask[0]=0xfffefeff, sa_flags=0x00000043
SIGBUS: [libjvm.dylib+0x55f7df], sa_mask[0]=0xfffefeff, sa_flags=0x00000042
SIGFPE: [libjvm.dylib+0x442cfa], sa_mask[0]=0xfffefeff, sa_flags=0x00000042
SIGPIPE: [libjvm.dylib+0x442cfa], sa_mask[0]=0xfffefeff, sa_flags=0x00000042
SIGXFSZ: [libjvm.dylib+0x442cfa], sa_mask[0]=0xfffefeff, sa_flags=0x00000042
SIGILL: [libjvm.dylib+0x442cfa], sa_mask[0]=0xfffefeff, sa_flags=0x00000042
SIGUSR1: SIG_DFL, sa_mask[0]=0x00000000, sa_flags=0x00000000
SIGUSR2: [libjvm.dylib+0x442818], sa_mask[0]=0x00000004, sa_flags=0x00000042
SIGHUP: [libjvm.dylib+0x440ba5], sa_mask[0]=0xfffefeff, sa_flags=0x00000042
SIGINT: [libjvm.dylib+0x440ba5], sa_mask[0]=0xfffefeff, sa_flags=0x00000042
SIGTERM: [libjvm.dylib+0x440ba5], sa_mask[0]=0xfffefeff, sa_flags=0x00000042
SIGQUIT: [libjvm.dylib+0x440ba5], sa_mask[0]=0xfffefeff, sa_flags=0x00000042


---------------  S Y S T E M  ---------------

OS:Bsduname:Darwin 14.3.0 Darwin Kernel Version 14.3.0: Mon Mar 23 11:59:05 PDT 2015; root:xnu-2782.20.48~5/RELEASE_X86_64 x86_64
rlimit: STACK 8192k, CORE 0k, NPROC 709, NOFILE 10240, AS infinity
load average:1.63 1.56 1.72

CPU:total 8 (4 cores per cpu, 2 threads per core) family 6 model 58 stepping 9, cmov, cx8, fxsr, mmx, sse, sse2, sse3, ssse3, sse4.1, sse4.2, popcnt, avx, aes, clmul, erms, ht, tsc, tscinvbit

Memory: 4k page, physical 8388608k(99132k free)

/proc/meminfo:


vm_info: Java HotSpot(TM) 64-Bit Server VM (25.5-b02) for bsd-amd64 JRE (1.8.0_05-b13), built on Mar 18 2014 00:36:13 by "java_re" with gcc 4.2.1 (Based on Apple Inc. build 5658) (LLVM build 2336.11.00)

time: Tue Jun 16 00:32:42 2015
elapsed time: 2 seconds

